<?xml version="1.0" encoding="UTF-8"?>
<!--
***************************************************************************

    ADOBE SYSTEMS INCORPORATED
    Copyright 2009 Adobe Systems Incorporated
    All Rights Reserved
 
    NOTICE:  Adobe permits you to use, modify, and distribute this file in accordance with the
    of the Adobe license agreement accompanying it.  If you have received this file from a
    source other than Adobe, then your use, modification, or distribution of it requires the prior
    written permission of Adobe.

***************************************************************************

    test-ds.xml
    Creates a new DataSource in JBoss Server with JndiName "test_ds". This 
    DataSource Name is used by the Orchestration and should not be changed.

***************************************************************************
-->

<datasources>
	<local-tx-datasource>
		<jndi-name>test_ds</jndi-name>	<!-- Do not change this, Orchestration requirement -->
		<connection-url>jdbc:mysql://localhost:3306/test</connection-url>	<!-- change here, to any Database -->
		<driver-class>com.mysql.jdbc.Driver</driver-class>
		<user-name>root</user-name>	<!-- change here, set mysql username -->
		<password>password</password>	<!-- change here, set mysql password -->
		<exception-sorter-class-name>org.jboss.resource.adapter.jdbc.vendor.MySQLExceptionSorter</exception-sorter-class-name>
		<metadata>
			<type-mapping>mySQL</type-mapping>
		</metadata>
	</local-tx-datasource>
</datasources>

